/Users/nickhartmann/Documents/Projects/FantasyBaseball/PROBABLES/.venv/lib/python3.9/site-packages/urllib3/__init__.py:35: NotOpenSSLWarning: urllib3 v2 only supports OpenSSL 1.1.1+, currently the 'ssl' module is compiled with 'LibreSSL 2.8.3'. See: https://github.com/urllib3/urllib3/issues/3020
  warnings.warn(
Fetching MLB probable pitchers for the next 7 days...
Fetching pitcher data for 104 games...

================================================================================
MLB PROBABLE PITCHERS - NEXT 7 DAYS
================================================================================


SUNDAY - March 29, 2026
--------------------------------------------------------------------------------

  1:35 PM - Minnesota Twins @ Baltimore Orioles
    Minnesota Twins | Bailey Ober
    Baltimore Orioles | Shane Baz

  1:35 PM - Texas Rangers @ Philadelphia Phillies
    Texas Rangers   | MacKenzie Gore
    Philadelphia Phillies | Jesús Luzardo

  1:35 PM - Kansas City Royals @ Atlanta Braves
    Kansas City Royals | Seth Lugo
    Atlanta Braves  | Grant Holmes

  1:37 PM - Athletics @ Toronto Blue Jays
    Athletics       | Luis Morales
    Toronto Blue Jays | Eric Lauer

  1:40 PM - Boston Red Sox @ Cincinnati Reds
    Boston Red Sox  | Connelly Early
    Cincinnati Reds | Rhett Lowder

  1:40 PM - Pittsburgh Pirates @ New York Mets
    Pittsburgh Pirates | Carmen Mlodzinski
    New York Mets   | Nolan McLean

  1:40 PM - Colorado Rockies @ Miami Marlins
    Colorado Rockies | Jose Quintana
    Miami Marlins   | Max Meyer

  2:10 PM - Los Angeles Angels @ Houston Astros
    Los Angeles Angels | Jack Kochanowicz
    Houston Astros  | Tatsuya Imai

  2:10 PM - Chicago White Sox @ Milwaukee Brewers
    Chicago White Sox | Anthony Kay
    Milwaukee Brewers | Brandon Sproat

  2:15 PM - Tampa Bay Rays @ St. Louis Cardinals
    Tampa Bay Rays  | Steven Matz
    St. Louis Cardinals | Dustin May

  2:20 PM - Washington Nationals @ Chicago Cubs
    Washington Nationals | Jake Irvin
    Chicago Cubs    | Shota Imanaga

  7:20 PM - Cleveland Guardians @ Seattle Mariners
    Cleveland Guardians | Slade Cecconi
    Seattle Mariners | Emerson Hancock

MONDAY - March 30, 2026
--------------------------------------------------------------------------------

  10:10 PM - Detroit Tigers @ Arizona Diamondbacks
    Detroit Tigers  | Justin Verlander
    Arizona Diamondbacks | Michael Soroka

  10:10 PM - Cleveland Guardians @ Los Angeles Dodgers
    Cleveland Guardians | Parker Messick
    Los Angeles Dodgers | Roki Sasaki

  4:10 PM - Minnesota Twins @ Kansas City Royals
    Minnesota Twins | None
    Kansas City Royals | Kris Bubic

  6:35 PM - Texas Rangers @ Baltimore Orioles
    Texas Rangers   | Jack Leiter
    Baltimore Orioles | Chris Bassitt

  6:40 PM - Pittsburgh Pirates @ Cincinnati Reds
    Pittsburgh Pirates | Braxton Ashcraft
    Cincinnati Reds | Chase Burns

  6:40 PM - Washington Nationals @ Philadelphia Phillies
    Washington Nationals | None
    Philadelphia Phillies | Taijuan Walker

  6:40 PM - Chicago White Sox @ Miami Marlins
    Chicago White Sox | Davis Martin
    Miami Marlins   | Chris Paddack

  7:07 PM - Colorado Rockies @ Toronto Blue Jays
    Colorado Rockies | None
    Toronto Blue Jays | Cody Ponce

  7:15 PM - Athletics @ Atlanta Braves
    Athletics       | Aaron Civale
    Atlanta Braves  | Bryce Elder

  7:40 PM - Los Angeles Angels @ Chicago Cubs
    Los Angeles Angels | None
    Chicago Cubs    | None

  7:40 PM - Tampa Bay Rays @ Milwaukee Brewers
    Tampa Bay Rays  | Nick Martinez
    Milwaukee Brewers | Kyle Harrison

  7:45 PM - New York Mets @ St. Louis Cardinals
    New York Mets   | Clay Holmes
    St. Louis Cardinals | Kyle Leahy

  8:10 PM - Boston Red Sox @ Houston Astros
    Boston Red Sox  | Ranger Suarez
    Houston Astros  | Lance McCullers Jr.

  9:40 PM - San Francisco Giants @ San Diego Padres
    San Francisco Giants | Landen Roupp
    San Diego Padres | Walker Buehler

  9:40 PM - New York Yankees @ Seattle Mariners
    New York Yankees | Ryan Weathers
    Seattle Mariners | Luis Castillo

TUESDAY - March 31, 2026
--------------------------------------------------------------------------------

  10:10 PM - Cleveland Guardians @ Los Angeles Dodgers
    Cleveland Guardians | None
    Los Angeles Dodgers | Shohei Ohtani

  6:35 PM - Texas Rangers @ Baltimore Orioles
    Texas Rangers   | None
    Baltimore Orioles | Zach Eflin

  6:40 PM - Pittsburgh Pirates @ Cincinnati Reds
    Pittsburgh Pirates | Bubba Chandler
    Cincinnati Reds | Brandon Williamson

  6:40 PM - Washington Nationals @ Philadelphia Phillies
    Washington Nationals | None
    Philadelphia Phillies | Andrew Painter

  6:40 PM - Chicago White Sox @ Miami Marlins
    Chicago White Sox | Erick Fedde
    Miami Marlins   | Janson Junk

  7:07 PM - Colorado Rockies @ Toronto Blue Jays
    Colorado Rockies | None
    Toronto Blue Jays | Max Scherzer

  7:15 PM - Athletics @ Atlanta Braves
    Athletics       | Jacob Lopez
    Atlanta Braves  | None

  7:40 PM - Los Angeles Angels @ Chicago Cubs
    Los Angeles Angels | None
    Chicago Cubs    | None

  7:40 PM - Tampa Bay Rays @ Milwaukee Brewers
    Tampa Bay Rays  | Shane McClanahan
    Milwaukee Brewers | Brandon Woodruff

  7:45 PM - New York Mets @ St. Louis Cardinals
    New York Mets   | Kodai Senga
    St. Louis Cardinals | Andre Pallante

  8:10 PM - Boston Red Sox @ Houston Astros
    Boston Red Sox  | Brayan Bello
    Houston Astros  | None

  9:40 PM - Detroit Tigers @ Arizona Diamondbacks
    Detroit Tigers  | Casey Mize
    Arizona Diamondbacks | Brandon Pfaadt

  9:40 PM - San Francisco Giants @ San Diego Padres
    San Francisco Giants | Logan Webb
    San Diego Padres | Germán Márquez

  9:40 PM - New York Yankees @ Seattle Mariners
    New York Yankees | Max Fried
    Seattle Mariners | Logan Gilbert

WEDNESDAY - April 01, 2026
--------------------------------------------------------------------------------

  12:15 PM - Athletics @ Atlanta Braves
    Athletics       | Luis Severino
    Atlanta Braves  | None

  12:35 PM - Texas Rangers @ Baltimore Orioles
    Texas Rangers   | None
    Baltimore Orioles | Trevor Rogers

  12:40 PM - Pittsburgh Pirates @ Cincinnati Reds
    Pittsburgh Pirates | None
    Cincinnati Reds | None

  1:05 PM - Washington Nationals @ Philadelphia Phillies
    Washington Nationals | None
    Philadelphia Phillies | None

  1:07 PM - Colorado Rockies @ Toronto Blue Jays
    Colorado Rockies | None
    Toronto Blue Jays | None

  1:10 PM - Chicago White Sox @ Miami Marlins
    Chicago White Sox | Shane Smith
    Miami Marlins   | Sandy Alcantara

  1:15 PM - New York Mets @ St. Louis Cardinals
    New York Mets   | None
    St. Louis Cardinals | Matthew Liberatore

  1:40 PM - Tampa Bay Rays @ Milwaukee Brewers
    Tampa Bay Rays  | None
    Milwaukee Brewers | Jacob Misiorowski

  2:10 PM - Boston Red Sox @ Houston Astros
    Boston Red Sox  | Garrett Crochet
    Houston Astros  | None

  2:20 PM - Los Angeles Angels @ Chicago Cubs
    Los Angeles Angels | None
    Chicago Cubs    | None

  3:40 PM - Detroit Tigers @ Arizona Diamondbacks
    Detroit Tigers  | None
    Arizona Diamondbacks | Zac Gallen

  4:10 PM - San Francisco Giants @ San Diego Padres
    San Francisco Giants | Adrian Houser
    San Diego Padres | Nick Pivetta

  4:10 PM - New York Yankees @ Seattle Mariners
    New York Yankees | Cam Schlittler
    Seattle Mariners | George Kirby

  7:40 PM - Minnesota Twins @ Kansas City Royals
    Minnesota Twins | None
    Kansas City Royals | Noah Cameron

  8:20 PM - Cleveland Guardians @ Los Angeles Dodgers
    Cleveland Guardians | Gavin Williams
    Los Angeles Dodgers | Yoshinobu Yamamoto

THURSDAY - April 02, 2026
--------------------------------------------------------------------------------

  2:10 PM - Minnesota Twins @ Kansas City Royals
    Minnesota Twins | None
    Kansas City Royals | None

  4:10 PM - Toronto Blue Jays @ Chicago White Sox
    Toronto Blue Jays | None
    Chicago White Sox | None

  9:40 PM - Atlanta Braves @ Arizona Diamondbacks
    Atlanta Braves  | None
    Arizona Diamondbacks | None

  9:45 PM - New York Mets @ San Francisco Giants
    New York Mets   | None
    San Francisco Giants | None

FRIDAY - April 03, 2026
--------------------------------------------------------------------------------

  10:15 PM - New York Mets @ San Francisco Giants
    New York Mets   | None
    San Francisco Giants | None

  1:05 PM - Los Angeles Dodgers @ Washington Nationals
    Los Angeles Dodgers | None
    Washington Nationals | None

  1:10 PM - St. Louis Cardinals @ Detroit Tigers
    St. Louis Cardinals | None
    Detroit Tigers  | None

  1:35 PM - Miami Marlins @ New York Yankees
    Miami Marlins   | None
    New York Yankees | None

  2:10 PM - San Diego Padres @ Boston Red Sox
    San Diego Padres | Michael King
    Boston Red Sox  | None

  4:05 PM - Cincinnati Reds @ Texas Rangers
    Cincinnati Reds | None
    Texas Rangers   | None

  4:10 PM - Chicago Cubs @ Cleveland Guardians
    Chicago Cubs    | None
    Cleveland Guardians | None

  4:10 PM - Tampa Bay Rays @ Minnesota Twins
    Tampa Bay Rays  | None
    Minnesota Twins | None

  4:10 PM - Philadelphia Phillies @ Colorado Rockies
    Philadelphia Phillies | None
    Colorado Rockies | None

  4:12 PM - Baltimore Orioles @ Pittsburgh Pirates
    Baltimore Orioles | None
    Pittsburgh Pirates | None

  7:45 PM - Milwaukee Brewers @ Kansas City Royals
    Milwaukee Brewers | None
    Kansas City Royals | None

  9:38 PM - Seattle Mariners @ Los Angeles Angels
    Seattle Mariners | None
    Los Angeles Angels | None

  9:40 PM - Houston Astros @ Athletics
    Houston Astros  | None
    Athletics       | None

  9:45 PM - Atlanta Braves @ Arizona Diamondbacks
    Atlanta Braves  | None
    Arizona Diamondbacks | None

SATURDAY - April 04, 2026
--------------------------------------------------------------------------------

  1:10 PM - St. Louis Cardinals @ Detroit Tigers
    St. Louis Cardinals | None
    Detroit Tigers  | None

  2:10 PM - Toronto Blue Jays @ Chicago White Sox
    Toronto Blue Jays | None
    Chicago White Sox | None

  4:05 PM - Los Angeles Dodgers @ Washington Nationals
    Los Angeles Dodgers | None
    Washington Nationals | None

  4:05 PM - Houston Astros @ Athletics
    Houston Astros  | None
    Athletics       | None

  4:05 PM - Baltimore Orioles @ Pittsburgh Pirates
    Baltimore Orioles | None
    Pittsburgh Pirates | None

  4:10 PM - San Diego Padres @ Boston Red Sox
    San Diego Padres | None
    Boston Red Sox  | None

  4:10 PM - Milwaukee Brewers @ Kansas City Royals
    Milwaukee Brewers | None
    Kansas City Royals | None

  7:05 PM - Cincinnati Reds @ Texas Rangers
    Cincinnati Reds | None
    Texas Rangers   | None

  7:05 PM - Miami Marlins @ New York Yankees
    Miami Marlins   | None
    New York Yankees | None

  7:10 PM - Tampa Bay Rays @ Minnesota Twins
    Tampa Bay Rays  | None
    Minnesota Twins | None

  7:15 PM - Chicago Cubs @ Cleveland Guardians
    Chicago Cubs    | None
    Cleveland Guardians | None

  7:15 PM - Atlanta Braves @ Arizona Diamondbacks
    Atlanta Braves  | None
    Arizona Diamondbacks | None

  8:10 PM - Philadelphia Phillies @ Colorado Rockies
    Philadelphia Phillies | None
    Colorado Rockies | None

  9:05 PM - New York Mets @ San Francisco Giants
    New York Mets   | None
    San Francisco Giants | None

  9:38 PM - Seattle Mariners @ Los Angeles Angels
    Seattle Mariners | None
    Los Angeles Angels | None

SUNDAY - April 05, 2026
--------------------------------------------------------------------------------

  1:35 PM - Los Angeles Dodgers @ Washington Nationals
    Los Angeles Dodgers | None
    Washington Nationals | None

  1:35 PM - Baltimore Orioles @ Pittsburgh Pirates
    Baltimore Orioles | None
    Pittsburgh Pirates | None

  1:35 PM - San Diego Padres @ Boston Red Sox
    San Diego Padres | None
    Boston Red Sox  | None

  1:35 PM - Miami Marlins @ New York Yankees
    Miami Marlins   | None
    New York Yankees | None

  1:40 PM - Chicago Cubs @ Cleveland Guardians
    Chicago Cubs    | None
    Cleveland Guardians | None

  2:10 PM - Tampa Bay Rays @ Minnesota Twins
    Tampa Bay Rays  | None
    Minnesota Twins | None

  2:10 PM - Toronto Blue Jays @ Chicago White Sox
    Toronto Blue Jays | None
    Chicago White Sox | None

  2:10 PM - Milwaukee Brewers @ Kansas City Royals
    Milwaukee Brewers | None
    Kansas City Royals | None

  2:35 PM - Cincinnati Reds @ Texas Rangers
    Cincinnati Reds | None
    Texas Rangers   | None

  3:10 PM - Philadelphia Phillies @ Colorado Rockies
    Philadelphia Phillies | None
    Colorado Rockies | None

  4:05 PM - Houston Astros @ Athletics
    Houston Astros  | None
    Athletics       | None

  4:05 PM - New York Mets @ San Francisco Giants
    New York Mets   | None
    San Francisco Giants | None

  4:07 PM - Seattle Mariners @ Los Angeles Angels
    Seattle Mariners | None
    Los Angeles Angels | None

  4:10 PM - Atlanta Braves @ Arizona Diamondbacks
    Atlanta Braves  | None
    Arizona Diamondbacks | None

  7:20 PM - St. Louis Cardinals @ Detroit Tigers
    St. Louis Cardinals | None
    Detroit Tigers  | None

================================================================================


========================================================================================================================
BOVINE PITCHERS - UPCOMING MATCHUPS
========================================================================================================================

Date         Day       Time      Away Team         Pitcher           Home Team         Pitcher          
------------------------------------------------------------------------------------------------------------------------
2026-03-29   Sun       1:35 PM   Texas Rangers     MacKenzie Gore    Philadelphia Phi  Jesús Luzardo    
2026-03-30   Mon       9:40 PM   San Francisco Gi  Landen Roupp      San Diego Padres  Walker Buehler   
2026-03-31   Tue       9:40 PM   San Francisco Gi  Logan Webb        San Diego Padres  Germán Márquez   
2026-04-01   Wed       4:10 PM   San Francisco Gi  Adrian Houser     San Diego Padres  Nick Pivetta     
2026-04-03   Fri       2:10 PM   San Diego Padres  Michael King      Boston Red Sox    TBD              

========================================================================================================================

Table saved as image: bovine_pitchers_table.png
Data exported to probable_pitchers.json
